0 info it worked if it ends with ok
1 verbose cli [ '/usr/local/Cellar/node4-lts/4.4.5/bin/node',
1 verbose cli   '/usr/local/bin/npm',
1 verbose cli   'run',
1 verbose cli   'watch' ]
2 info using npm@2.15.4
3 info using node@v4.4.5
4 verbose run-script [ 'prewatch', 'watch', 'postwatch' ]
5 info prewatch LunchMe@1.0.0
6 info watch LunchMe@1.0.0
7 verbose unsafe-perm in lifecycle true
8 info LunchMe@1.0.0 Failed to exec watch script
9 verbose stack Error: LunchMe@1.0.0 watch: `nodemon index.js`
9 verbose stack spawn ENOENT
9 verbose stack     at ChildProcess.<anonymous> (/usr/local/lib/node_modules/npm/lib/utils/spawn.js:17:16)
9 verbose stack     at emitTwo (events.js:87:13)
9 verbose stack     at ChildProcess.emit (events.js:172:7)
9 verbose stack     at maybeClose (internal/child_process.js:827:16)
9 verbose stack     at Process.ChildProcess._handle.onexit (internal/child_process.js:211:5)
10 verbose pkgid LunchMe@1.0.0
11 verbose cwd /Users/Ryan/LunchMe
12 error Darwin 15.4.0
13 error argv "/usr/local/Cellar/node4-lts/4.4.5/bin/node" "/usr/local/bin/npm" "run" "watch"
14 error node v4.4.5
15 error npm  v2.15.4
16 error file sh
17 error code ELIFECYCLE
18 error errno ENOENT
19 error syscall spawn
20 error LunchMe@1.0.0 watch: `nodemon index.js`
20 error spawn ENOENT
21 error Failed at the LunchMe@1.0.0 watch script 'nodemon index.js'.
21 error This is most likely a problem with the LunchMe package,
21 error not with npm itself.
21 error Tell the author that this fails on your system:
21 error     nodemon index.js
21 error You can get information on how to open an issue for this project with:
21 error     npm bugs LunchMe
21 error Or if that isn't available, you can get their info via:
21 error
21 error     npm owner ls LunchMe
21 error There is likely additional logging output above.
22 verbose exit [ 1, true ]
